{"level":"error","message":"Read single actor failed: ReferenceError: db is not defined\n    at getActorById (/Users/alen/Desktop/JJK/backend/proj/controller/actorController.js:28:17)\n    at Layer.handle [as handle_request] (/Users/alen/Desktop/JJK/backend/node_modules/express/lib/router/layer.js:95:5)\n    at next (/Users/alen/Desktop/JJK/backend/node_modules/express/lib/router/route.js:149:13)\n    at Route.dispatch (/Users/alen/Desktop/JJK/backend/node_modules/express/lib/router/route.js:119:3)\n    at Layer.handle [as handle_request] (/Users/alen/Desktop/JJK/backend/node_modules/express/lib/router/layer.js:95:5)\n    at /Users/alen/Desktop/JJK/backend/node_modules/express/lib/router/index.js:284:15\n    at param (/Users/alen/Desktop/JJK/backend/node_modules/express/lib/router/index.js:365:14)\n    at param (/Users/alen/Desktop/JJK/backend/node_modules/express/lib/router/index.js:376:14)\n    at Function.process_params (/Users/alen/Desktop/JJK/backend/node_modules/express/lib/router/index.js:421:3)\n    at next (/Users/alen/Desktop/JJK/backend/node_modules/express/lib/router/index.js:280:10)","timestamp":"2024-05-09T03:56:09.404Z"}
{"level":"error","message":"Read single actor failed: ReferenceError: db is not defined\n    at getActorById (/Users/alen/Desktop/JJK/backend/proj/controller/actorController.js:28:17)\n    at Layer.handle [as handle_request] (/Users/alen/Desktop/JJK/backend/node_modules/express/lib/router/layer.js:95:5)\n    at next (/Users/alen/Desktop/JJK/backend/node_modules/express/lib/router/route.js:149:13)\n    at Route.dispatch (/Users/alen/Desktop/JJK/backend/node_modules/express/lib/router/route.js:119:3)\n    at Layer.handle [as handle_request] (/Users/alen/Desktop/JJK/backend/node_modules/express/lib/router/layer.js:95:5)\n    at /Users/alen/Desktop/JJK/backend/node_modules/express/lib/router/index.js:284:15\n    at param (/Users/alen/Desktop/JJK/backend/node_modules/express/lib/router/index.js:365:14)\n    at param (/Users/alen/Desktop/JJK/backend/node_modules/express/lib/router/index.js:376:14)\n    at Function.process_params (/Users/alen/Desktop/JJK/backend/node_modules/express/lib/router/index.js:421:3)\n    at next (/Users/alen/Desktop/JJK/backend/node_modules/express/lib/router/index.js:280:10)","timestamp":"2024-05-09T04:20:18.146Z"}
{"level":"error","message":"Read single actor failed: ReferenceError: db is not defined\n    at getActorById (/Users/alen/Desktop/JJK/backend/proj/controller/actorController.js:28:17)\n    at Layer.handle [as handle_request] (/Users/alen/Desktop/JJK/backend/node_modules/express/lib/router/layer.js:95:5)\n    at next (/Users/alen/Desktop/JJK/backend/node_modules/express/lib/router/route.js:149:13)\n    at Route.dispatch (/Users/alen/Desktop/JJK/backend/node_modules/express/lib/router/route.js:119:3)\n    at Layer.handle [as handle_request] (/Users/alen/Desktop/JJK/backend/node_modules/express/lib/router/layer.js:95:5)\n    at /Users/alen/Desktop/JJK/backend/node_modules/express/lib/router/index.js:284:15\n    at param (/Users/alen/Desktop/JJK/backend/node_modules/express/lib/router/index.js:365:14)\n    at param (/Users/alen/Desktop/JJK/backend/node_modules/express/lib/router/index.js:376:14)\n    at Function.process_params (/Users/alen/Desktop/JJK/backend/node_modules/express/lib/router/index.js:421:3)\n    at next (/Users/alen/Desktop/JJK/backend/node_modules/express/lib/router/index.js:280:10)","timestamp":"2024-05-09T04:20:19.017Z"}
{"level":"error","message":"Read single actor failed: ReferenceError: db is not defined\n    at getActorById (/Users/alen/Desktop/JJK/backend/proj/controller/actorController.js:28:17)\n    at Layer.handle [as handle_request] (/Users/alen/Desktop/JJK/backend/node_modules/express/lib/router/layer.js:95:5)\n    at next (/Users/alen/Desktop/JJK/backend/node_modules/express/lib/router/route.js:149:13)\n    at Route.dispatch (/Users/alen/Desktop/JJK/backend/node_modules/express/lib/router/route.js:119:3)\n    at Layer.handle [as handle_request] (/Users/alen/Desktop/JJK/backend/node_modules/express/lib/router/layer.js:95:5)\n    at /Users/alen/Desktop/JJK/backend/node_modules/express/lib/router/index.js:284:15\n    at param (/Users/alen/Desktop/JJK/backend/node_modules/express/lib/router/index.js:365:14)\n    at param (/Users/alen/Desktop/JJK/backend/node_modules/express/lib/router/index.js:376:14)\n    at Function.process_params (/Users/alen/Desktop/JJK/backend/node_modules/express/lib/router/index.js:421:3)\n    at next (/Users/alen/Desktop/JJK/backend/node_modules/express/lib/router/index.js:280:10)","timestamp":"2024-05-09T04:20:19.512Z"}
{"level":"error","message":"Read single actor failed: ReferenceError: db is not defined\n    at getActorById (/Users/alen/Desktop/JJK/backend/proj/controller/actorController.js:28:17)\n    at Layer.handle [as handle_request] (/Users/alen/Desktop/JJK/backend/node_modules/express/lib/router/layer.js:95:5)\n    at next (/Users/alen/Desktop/JJK/backend/node_modules/express/lib/router/route.js:149:13)\n    at Route.dispatch (/Users/alen/Desktop/JJK/backend/node_modules/express/lib/router/route.js:119:3)\n    at Layer.handle [as handle_request] (/Users/alen/Desktop/JJK/backend/node_modules/express/lib/router/layer.js:95:5)\n    at /Users/alen/Desktop/JJK/backend/node_modules/express/lib/router/index.js:284:15\n    at param (/Users/alen/Desktop/JJK/backend/node_modules/express/lib/router/index.js:365:14)\n    at param (/Users/alen/Desktop/JJK/backend/node_modules/express/lib/router/index.js:376:14)\n    at Function.process_params (/Users/alen/Desktop/JJK/backend/node_modules/express/lib/router/index.js:421:3)\n    at next (/Users/alen/Desktop/JJK/backend/node_modules/express/lib/router/index.js:280:10)","timestamp":"2024-05-09T04:20:19.895Z"}
{"level":"error","message":"Read single actor failed: CastError: Cast to ObjectId failed for value \"actor\" (type string) at path \"_id\" for model \"Actor\"\n    at SchemaObjectId.cast (/Users/alen/Desktop/JJK/backend/node_modules/mongoose/lib/schema/objectId.js:250:11)\n    at SchemaType.applySetters (/Users/alen/Desktop/JJK/backend/node_modules/mongoose/lib/schemaType.js:1236:12)\n    at SchemaType.castForQuery (/Users/alen/Desktop/JJK/backend/node_modules/mongoose/lib/schemaType.js:1653:17)\n    at cast (/Users/alen/Desktop/JJK/backend/node_modules/mongoose/lib/cast.js:375:32)\n    at Query.cast (/Users/alen/Desktop/JJK/backend/node_modules/mongoose/lib/query.js:4785:12)\n    at Query._castConditions (/Users/alen/Desktop/JJK/backend/node_modules/mongoose/lib/query.js:2199:10)\n    at model.Query._findOne (/Users/alen/Desktop/JJK/backend/node_modules/mongoose/lib/query.js:2513:8)\n    at model.Query.exec (/Users/alen/Desktop/JJK/backend/node_modules/mongoose/lib/query.js:4329:80)\n    at process.processTicksAndRejections (node:internal/process/task_queues:95:5)\n    at async getActorById (/Users/alen/Desktop/JJK/backend/proj/controller/actorController.js:29:19)","timestamp":"2024-05-09T04:23:06.443Z"}
{"level":"info","message":"Read all actors successful","timestamp":"2024-05-09T04:23:20.934Z"}
{"level":"error","message":"Create actor failed: ValidationError: Actor validation failed: age: Path `age` is required., name: Path `name` is required.\n    at Document.invalidate (/Users/alen/Desktop/JJK/backend/node_modules/mongoose/lib/document.js:3289:32)\n    at /Users/alen/Desktop/JJK/backend/node_modules/mongoose/lib/document.js:3050:17\n    at /Users/alen/Desktop/JJK/backend/node_modules/mongoose/lib/schemaType.js:1388:9\n    at process.processTicksAndRejections (node:internal/process/task_queues:77:11)","timestamp":"2024-05-09T04:24:30.273Z"}
{"level":"error","message":"Create actor failed: ValidationError: Actor validation failed: age: Path `age` is required., name: Path `name` is required.\n    at Document.invalidate (/Users/alen/Desktop/JJK/backend/node_modules/mongoose/lib/document.js:3289:32)\n    at /Users/alen/Desktop/JJK/backend/node_modules/mongoose/lib/document.js:3050:17\n    at /Users/alen/Desktop/JJK/backend/node_modules/mongoose/lib/schemaType.js:1388:9\n    at process.processTicksAndRejections (node:internal/process/task_queues:77:11)","timestamp":"2024-05-09T04:24:59.306Z"}
{"level":"info","message":"Create actor successful","timestamp":"2024-05-09T04:27:17.620Z"}
{"level":"info","message":"Read all actors successful","timestamp":"2024-05-09T04:27:23.311Z"}
{"level":"error","message":"Read single actor failed: CastError: Cast to ObjectId failed for value \"1\" (type string) at path \"_id\" for model \"Actor\"\n    at SchemaObjectId.cast (/Users/alen/Desktop/JJK/backend/node_modules/mongoose/lib/schema/objectId.js:250:11)\n    at SchemaType.applySetters (/Users/alen/Desktop/JJK/backend/node_modules/mongoose/lib/schemaType.js:1236:12)\n    at SchemaType.castForQuery (/Users/alen/Desktop/JJK/backend/node_modules/mongoose/lib/schemaType.js:1653:17)\n    at cast (/Users/alen/Desktop/JJK/backend/node_modules/mongoose/lib/cast.js:375:32)\n    at Query.cast (/Users/alen/Desktop/JJK/backend/node_modules/mongoose/lib/query.js:4785:12)\n    at Query._castConditions (/Users/alen/Desktop/JJK/backend/node_modules/mongoose/lib/query.js:2199:10)\n    at model.Query._findOne (/Users/alen/Desktop/JJK/backend/node_modules/mongoose/lib/query.js:2513:8)\n    at model.Query.exec (/Users/alen/Desktop/JJK/backend/node_modules/mongoose/lib/query.js:4329:80)\n    at process.processTicksAndRejections (node:internal/process/task_queues:95:5)\n    at async getActorById (/Users/alen/Desktop/JJK/backend/proj/controller/actorController.js:29:19)","timestamp":"2024-05-09T04:31:54.172Z"}
{"level":"info","message":"Read all actors successful","timestamp":"2024-05-09T04:32:45.634Z"}
{"level":"info","message":"Read single actor successful","timestamp":"2024-05-09T04:32:49.048Z"}
{"level":"info","message":"Read all actors successful","timestamp":"2024-05-09T04:40:01.175Z"}
{"level":"info","message":"Read all comments successful","timestamp":"2024-05-09T04:40:43.362Z"}
{"level":"error","message":"Create comment failed: TypeError: Cannot read properties of undefined (reading 'id')\n    at createComment (/Users/alen/Desktop/JJK/backend/proj/controller/commentController.js:6:63)\n    at Layer.handle [as handle_request] (/Users/alen/Desktop/JJK/backend/node_modules/express/lib/router/layer.js:95:5)\n    at next (/Users/alen/Desktop/JJK/backend/node_modules/express/lib/router/route.js:149:13)\n    at Route.dispatch (/Users/alen/Desktop/JJK/backend/node_modules/express/lib/router/route.js:119:3)\n    at Layer.handle [as handle_request] (/Users/alen/Desktop/JJK/backend/node_modules/express/lib/router/layer.js:95:5)\n    at /Users/alen/Desktop/JJK/backend/node_modules/express/lib/router/index.js:284:15\n    at Function.process_params (/Users/alen/Desktop/JJK/backend/node_modules/express/lib/router/index.js:346:12)\n    at next (/Users/alen/Desktop/JJK/backend/node_modules/express/lib/router/index.js:280:10)\n    at Function.handle (/Users/alen/Desktop/JJK/backend/node_modules/express/lib/router/index.js:175:3)\n    at router (/Users/alen/Desktop/JJK/backend/node_modules/express/lib/router/index.js:47:12)","timestamp":"2024-05-09T04:41:40.011Z"}
{"level":"info","message":"Create comment successful","timestamp":"2024-05-09T04:42:40.469Z"}
{"level":"info","message":"Create news successful","timestamp":"2024-05-09T20:45:26.101Z"}
{"level":"info","message":"Read all news successful","timestamp":"2024-05-09T20:45:27.073Z"}
{"level":"info","message":"Create news successful","timestamp":"2024-05-09T20:45:51.259Z"}
{"level":"info","message":"Read all news successful","timestamp":"2024-05-09T20:45:51.544Z"}
{"level":"info","message":"Read all news successful","timestamp":"2024-05-09T20:46:59.951Z"}
{"level":"info","message":"Read all news successful","timestamp":"2024-05-09T20:47:59.979Z"}
{"level":"info","message":"Read all news successful","timestamp":"2024-05-09T20:48:06.903Z"}
{"level":"info","message":"Read all news successful","timestamp":"2024-05-09T20:48:14.247Z"}
{"level":"info","message":"Read all news successful","timestamp":"2024-05-09T20:48:21.293Z"}
{"level":"info","message":"Read all news successful","timestamp":"2024-05-09T20:57:20.156Z"}
{"level":"info","message":"Read all actors successful","timestamp":"2024-05-09T21:04:33.028Z"}
{"level":"info","message":"Read all actors successful","timestamp":"2024-05-09T21:04:52.148Z"}
{"level":"info","message":"Read all news successful","timestamp":"2024-05-09T21:07:44.663Z"}
{"level":"info","message":"Read all actors successful","timestamp":"2024-05-09T21:07:47.151Z"}
{"level":"info","message":"Read all actors successful","timestamp":"2024-05-09T21:08:21.763Z"}
{"level":"info","message":"Create actor successful","timestamp":"2024-05-09T21:08:52.633Z"}
{"level":"info","message":"Read all actors successful","timestamp":"2024-05-09T21:08:52.906Z"}
{"level":"info","message":"Read all actors successful","timestamp":"2024-05-09T21:13:51.825Z"}
{"level":"info","message":"Read all actors successful","timestamp":"2024-05-09T21:13:54.991Z"}
{"level":"info","message":"Read all news successful","timestamp":"2024-05-09T21:16:01.402Z"}
{"level":"info","message":"Read all actors successful","timestamp":"2024-05-09T21:16:05.490Z"}
{"level":"info","message":"Read all events successful","timestamp":"2024-05-09T21:27:58.636Z"}
{"level":"info","message":"Read all comments successful","timestamp":"2024-05-09T21:37:58.429Z"}
{"level":"info","message":"Read all comments successful","timestamp":"2024-05-09T21:38:12.429Z"}
{"level":"info","message":"Read all comments successful","timestamp":"2024-05-09T21:43:31.216Z"}
{"level":"info","message":"Read all comments successful","timestamp":"2024-05-09T21:43:33.675Z"}
{"level":"info","message":"Read all stuff successful","timestamp":"2024-05-09T21:53:20.690Z"}
{"level":"info","message":"Read all actors successful","timestamp":"2024-05-09T21:53:36.789Z"}
{"level":"info","message":"Read all events successful","timestamp":"2024-05-09T21:54:11.684Z"}
{"level":"info","message":"Read all stuff successful","timestamp":"2024-05-09T21:54:20.104Z"}
{"level":"info","message":"Read all events successful","timestamp":"2024-05-09T21:55:15.221Z"}
{"level":"info","message":"Read all actors successful","timestamp":"2024-05-09T21:58:59.955Z"}
{"level":"info","message":"Read all actors successful","timestamp":"2024-05-09T21:59:04.018Z"}
{"level":"info","message":"Create actor successful","timestamp":"2024-05-09T21:59:16.123Z"}
{"level":"info","message":"Read all actors successful","timestamp":"2024-05-09T21:59:16.376Z"}
{"level":"info","message":"Read all actors successful","timestamp":"2024-05-09T21:59:25.957Z"}
{"level":"info","message":"Read all events successful","timestamp":"2024-05-09T22:07:26.890Z"}
{"level":"info","message":"Read all events successful","timestamp":"2024-05-09T22:07:50.074Z"}
{"level":"info","message":"Read all events successful","timestamp":"2024-05-09T22:15:49.865Z"}
{"level":"info","message":"Read all news successful","timestamp":"2024-05-10T09:12:25.826Z"}
{"level":"info","message":"Read all stuff successful","timestamp":"2024-05-10T09:12:31.108Z"}
{"level":"info","message":"Read all actors successful","timestamp":"2024-05-10T09:12:33.153Z"}
{"level":"info","message":"Read all events successful","timestamp":"2024-05-10T09:12:41.337Z"}
{"level":"info","message":"Read all events successful","timestamp":"2024-05-10T09:12:43.823Z"}
{"level":"info","message":"Read all stuff successful","timestamp":"2024-05-10T09:15:37.746Z"}
{"level":"info","message":"Read all actors successful","timestamp":"2024-05-10T09:15:39.812Z"}
{"level":"info","message":"Read all stuff successful","timestamp":"2024-05-10T09:19:14.223Z"}
{"level":"info","message":"Read all events successful","timestamp":"2024-05-10T09:20:12.171Z"}
{"level":"info","message":"Read all actors successful","timestamp":"2024-05-10T09:20:15.560Z"}
{"level":"info","message":"Read all stuff successful","timestamp":"2024-05-10T09:20:19.965Z"}
{"level":"info","message":"Read all comments successful","timestamp":"2024-05-10T09:20:23.094Z"}
{"level":"info","message":"Read all comments successful","timestamp":"2024-05-10T09:20:34.258Z"}
{"level":"info","message":"Read all stuff successful","timestamp":"2024-05-10T09:20:43.691Z"}
{"level":"info","message":"Read all actors successful","timestamp":"2024-05-10T10:47:08.564Z"}
{"level":"info","message":"Read all news successful","timestamp":"2024-05-10T10:47:12.450Z"}
{"level":"info","message":"Read all news successful","timestamp":"2024-05-10T10:47:39.079Z"}
{"level":"info","message":"Read all news successful","timestamp":"2024-05-10T10:47:42.313Z"}
{"level":"info","message":"Read all news successful","timestamp":"2024-05-10T10:48:23.040Z"}
{"level":"info","message":"Read all events successful","timestamp":"2024-05-10T10:48:30.050Z"}
{"level":"info","message":"Read all comments successful","timestamp":"2024-05-10T10:49:36.963Z"}
{"level":"info","message":"Read all actors successful","timestamp":"2024-05-10T10:59:54.703Z"}
{"level":"info","message":"Read all comments successful","timestamp":"2024-05-10T11:00:01.949Z"}
{"level":"info","message":"Read all comments successful","timestamp":"2024-05-10T11:00:15.098Z"}
{"level":"info","message":"Read all comments successful","timestamp":"2024-05-10T11:05:50.296Z"}
{"level":"info","message":"Read all comments successful","timestamp":"2024-05-10T11:16:25.875Z"}
{"level":"info","message":"Read all events successful","timestamp":"2024-05-10T11:20:16.932Z"}
{"level":"info","message":"Read all comments successful","timestamp":"2024-05-10T11:20:18.388Z"}
{"level":"info","message":"Read all news successful","timestamp":"2024-05-10T11:57:47.580Z"}
{"level":"info","message":"Read all events successful","timestamp":"2024-05-10T11:57:47.709Z"}
{"level":"info","message":"Read all stuff successful","timestamp":"2024-05-10T11:58:47.508Z"}
{"level":"info","message":"Read all news successful","timestamp":"2024-05-10T11:58:52.242Z"}
{"level":"info","message":"Read all stuff successful","timestamp":"2024-05-10T12:03:33.507Z"}
{"level":"info","message":"Read all stuff successful","timestamp":"2024-05-10T12:05:05.677Z"}
{"level":"info","message":"Read all comments successful","timestamp":"2024-05-10T12:05:16.968Z"}
{"level":"info","message":"Read all comments successful","timestamp":"2024-05-10T12:05:28.782Z"}
{"level":"info","message":"Read all actors successful","timestamp":"2024-05-10T12:07:28.331Z"}
{"level":"info","message":"Create actor successful","timestamp":"2024-05-10T12:08:57.507Z"}
{"level":"info","message":"Read all actors successful","timestamp":"2024-05-10T12:08:57.751Z"}
{"level":"info","message":"Read all actors successful","timestamp":"2024-05-10T12:11:41.165Z"}
{"level":"info","message":"Create actor successful","timestamp":"2024-05-10T12:12:45.218Z"}
{"level":"info","message":"Read all actors successful","timestamp":"2024-05-10T12:12:45.463Z"}
{"level":"info","message":"Read all actors successful","timestamp":"2024-05-10T12:14:19.691Z"}
{"level":"info","message":"Read all actors successful","timestamp":"2024-05-10T12:15:07.407Z"}
{"level":"info","message":"Read all comments successful","timestamp":"2024-05-10T12:15:24.230Z"}
{"level":"info","message":"Read all actors successful","timestamp":"2024-05-10T12:15:39.021Z"}
{"level":"info","message":"Create actor successful","timestamp":"2024-05-10T12:19:30.346Z"}
{"level":"info","message":"Read all actors successful","timestamp":"2024-05-10T12:19:30.573Z"}
{"level":"info","message":"Read all comments successful","timestamp":"2024-05-10T12:20:24.401Z"}
{"level":"info","message":"Read all events successful","timestamp":"2024-05-10T12:24:03.013Z"}
{"level":"info","message":"Read all actors successful","timestamp":"2024-05-10T12:24:11.879Z"}
{"level":"info","message":"Read all comments successful","timestamp":"2024-05-10T12:24:16.299Z"}
{"level":"info","message":"Read all stuff successful","timestamp":"2024-05-10T12:34:12.247Z"}
{"level":"info","message":"Read all stuff successful","timestamp":"2024-05-10T12:34:21.437Z"}
{"level":"info","message":"Read all actors successful","timestamp":"2024-05-10T12:34:23.071Z"}
{"level":"info","message":"Read all events successful","timestamp":"2024-05-10T12:35:23.660Z"}
{"level":"info","message":"Read all comments successful","timestamp":"2024-05-10T12:35:29.203Z"}
